<?xml version="1.0" encoding="UTF-8" ?>
<testsuite tests="44" failures="0" errors="0" skipped="0" time="0.299" name="file &quot;antidote_crdt.app&quot;">
  <testcase time="0.000" name="counter_b:0 new_test">
    <system-out>
    </system-out>
  </testcase>
  <testcase time="0.000" name="counter_b:0 increment_test">
    <system-out>
    </system-out>
  </testcase>
  <testcase time="0.000" name="counter_b:0 localPermisisons_test">
    <system-out>
    </system-out>
  </testcase>
  <testcase time="0.000" name="counter_b:0 decrement_test">
    <system-out>
    </system-out>
  </testcase>
  <testcase time="0.000" name="counter_b:0 decrement_increment_test">
    <system-out>
    </system-out>
  </testcase>
  <testcase time="0.000" name="counter_b:0 transfer_test">
    <system-out>
    </system-out>
  </testcase>
  <testcase time="0.000" name="counter_b:0 value_test">
    <system-out>
    </system-out>
  </testcase>
  <testcase time="0.000" name="counter_b:0 binary_test">
    <system-out>
    </system-out>
  </testcase>
  <testcase time="0.000" name="counter_b:0 is_operation_test">
    <system-out>
    </system-out>
  </testcase>
  <testcase time="0.000" name="counter_fat:0 new_test">
    <system-out>
    </system-out>
  </testcase>
  <testcase time="0.016" name="counter_fat:0 update_increment_test">
    <system-out>FatCnt0 = []
Increment1 = {&lt;&lt;22,181,182,150,29,241,120,220,184,38,7,236,128,172,17,44,156,
                172,154,252&gt;&gt;,
              5}
FatCnt1 = [{&lt;&lt;22,181,182,150,29,241,120,220,184,38,7,236,128,172,17,44,156,172,
              154,252&gt;&gt;,
            5}]
Decrement1 = {&lt;&lt;62,111,233,67,40,87,22,36,233,120,72,31,206,79,123,73,147,72,
                175,175&gt;&gt;,
              -2}
FatCnt2 = [{&lt;&lt;22,181,182,150,29,241,120,220,184,38,7,236,128,172,17,44,156,172,
              154,252&gt;&gt;,
            5},
           {&lt;&lt;62,111,233,67,40,87,22,36,233,120,72,31,206,79,123,73,147,72,175,
              175&gt;&gt;,
            -2}]

    </system-out>
  </testcase>
  <testcase time="0.000" name="counter_pn:0 new_test">
    <system-out>
    </system-out>
  </testcase>
  <testcase time="0.000" name="counter_pn:0 value_test">
    <system-out>
    </system-out>
  </testcase>
  <testcase time="0.000" name="counter_pn:0 update_increment_test">
    <system-out>
    </system-out>
  </testcase>
  <testcase time="0.000" name="counter_pn:0 update_increment_by_test">
    <system-out>
    </system-out>
  </testcase>
  <testcase time="0.000" name="counter_pn:0 update_decrement_test">
    <system-out>
    </system-out>
  </testcase>
  <testcase time="0.000" name="counter_pn:0 update_negative_params_test">
    <system-out>
    </system-out>
  </testcase>
  <testcase time="0.000" name="counter_pn:0 equal_test">
    <system-out>
    </system-out>
  </testcase>
  <testcase time="0.000" name="counter_pn:0 binary_test">
    <system-out>
    </system-out>
  </testcase>
  <testcase time="0.000" name="flag_ew:0 prop1_test (module 'flag_ew')">
    <system-out>Reset1Effect = {[&lt;&lt;49,189,212,142,202,234,4,185,196,25,22,201,236,107,216,114,
                   59,34,70,103&gt;&gt;],
                []}
Enable1Effect = {[],
                 [&lt;&lt;49,189,212,142,202,234,4,185,196,25,22,201,236,107,216,
                    114,59,34,70,103&gt;&gt;]}
Flag1a = [&lt;&lt;49,189,212,142,202,234,4,185,196,25,22,201,236,107,216,114,59,34,
            70,103&gt;&gt;]
Flag1b = []

    </system-out>
  </testcase>
  <testcase time="0.000" name="map_go:0 new_test">
    <system-out>
    </system-out>
  </testcase>
  <testcase time="0.000" name="map_go:0 update_test">
    <system-out>
    </system-out>
  </testcase>
  <testcase time="0.000" name="map_go:0 update2_test">
    <system-out>
    </system-out>
  </testcase>
  <testcase time="0.001" name="map_rr:0 reset1_test">
    <system-out>Map0 = {dict,0,16,16,8,80,48,
             {[],[],[],[],[],[],[],[],[],[],[],[],[],[],[],[]},
             {{[],[],[],[],[],[],[],[],[],[],[],[],[],[],[],[]}}}
Incr1 = {[{{a,counter_fat},
           {ok,{&lt;&lt;210,200,245,56,108,216,12,65,0,124,186,15,26,128,176,252,92,
                  6,208,241&gt;&gt;,
                1}}}],
         []}
Map1a = {dict,1,16,16,8,80,48,
              {[],[],[],[],[],[],[],[],[],[],[],[],[],[],[],[]},
              {{[],[],[],[],[],[],[],[],[],[],[],[],[],[],[],
                [[{a,counter_fat},
                  {&lt;&lt;210,200,245,56,108,216,12,65,0,124,186,15,26,128,176,252,
                     92,6,208,241&gt;&gt;,
                   1}]]}}}
Reset1 = {[],
          [{{a,counter_fat},
            {ok,[&lt;&lt;210,200,245,56,108,216,12,65,0,124,186,15,26,128,176,
                   252,92,6,208,241&gt;&gt;]}}]}
Map1b = {dict,0,16,16,8,80,48,
              {[],[],[],[],[],[],[],[],[],[],[],[],[],[],[],[]},
              {{[],[],[],[],[],[],[],[],[],[],[],[],[],[],[],[]}}}
Remove1 = {[],[{{a,counter_fat},{ok,[]}}]}
Map2a = {dict,0,16,16,8,80,48,
              {[],[],[],[],[],[],[],[],[],[],[],[],[],[],[],[]},
              {{[],[],[],[],[],[],[],[],[],[],[],[],[],[],[],[]}}}
Map1c = {dict,0,16,16,8,80,48,
              {[],[],[],[],[],[],[],[],[],[],[],[],[],[],[],[]},
              {{[],[],[],[],[],[],[],[],[],[],[],[],[],[],[],[]}}}
Reset2 = {[],[]}
Map1d = {dict,0,16,16,8,80,48,
              {[],[],[],[],[],[],[],[],[],[],[],[],[],[],[],[]},
              {{[],[],[],[],[],[],[],[],[],[],[],[],[],[],[],[]}}}
Incr2 = {[{{a,counter_fat},
           {ok,{&lt;&lt;112,241,178,86,101,182,204,230,101,222,220,255,33,16,84,124,
                  31,151,37,245&gt;&gt;,
                2}}}],
         []}
Map1e = {dict,1,16,16,8,80,48,
              {[],[],[],[],[],[],[],[],[],[],[],[],[],[],[],[]},
              {{[],[],[],[],[],[],[],[],[],[],[],[],[],[],[],
                [[{a,counter_fat},
                  {&lt;&lt;112,241,178,86,101,182,204,230,101,222,220,255,33,16,84,
                     124,31,151,37,245&gt;&gt;,
                   2}]]}}}

    </system-out>
  </testcase>
  <testcase time="0.001" name="map_rr:0 reset2_test">
    <system-out>Map0 = []
Add1 = {[{{s,set_rw},
          {ok,[{a,[],
                  [&lt;&lt;251,225,189,22,210,93,200,15,52,226,132,220,84,84,232,
                     236,174,47,197,168&gt;&gt;],
                  []}]}}],
        []}
Map1a = [{{s,set_rw},[a]}]
Reset1 = {[],
          [{{s,set_rw},
            {ok,[{a,[&lt;&lt;251,225,189,22,210,93,200,15,52,226,132,220,84,84,232,
                       236,174,47,197,168&gt;&gt;],
                    [],[]}]}}]}
Map1b = []
Remove1 = {[],[{{s,set_rw},{ok,[]}}]}
Map2a = []
Map1c = []
Reset2 = {[],[]}
Map1d = []
Add2 = {[{{s,set_rw},
          {ok,[{b,[],
                  [&lt;&lt;151,45,122,134,106,135,127,211,38,56,232,234,249,64,196,
                     23,141,154,234,128&gt;&gt;],
                  []}]}}],
        []}
Map1e = [{{s,set_rw},[b]}]

    </system-out>
  </testcase>
  <testcase time="0.000" name="map_rr:0 prop1_test">
    <system-out>Map0 = {dict,0,16,16,8,80,48,
             {[],[],[],[],[],[],[],[],[],[],[],[],[],[],[],[]},
             {{[],[],[],[],[],[],[],[],[],[],[],[],[],[],[],[]}}}
Add1 = {[{{a,map_rr},
          {ok,{[{{a,set_rw},
                 {ok,[{a,[],
                         [&lt;&lt;115,172,32,208,170,88,99,101,153,173,160,16,255,
                            216,179,58,233,125,1,231&gt;&gt;],
                         []}]}}],
               []}}}],
        []}
Map1a = {dict,1,16,16,8,80,48,
         {[],[],[],[],[],[],[],[],[],[],[],[],[],[],[],[]},
         {{[],[],[],[],[],[],[],[],[],
           [[{a,map_rr}|
             {dict,1,16,16,8,80,48,
              {[],[],[],[],[],[],[],[],[],[],[],[],[],[],[],[]},
              {{[[{a,set_rw},
                  {a,
                   {[&lt;&lt;115,172,32,208,170,88,99,101,153,173,160,16,255,216,
                       179,58,233,125,1,231&gt;&gt;],
                    []}}]],
                [],[],[],[],[],[],[],[],[],[],[],[],[],[],[]}}}]],
           [],[],[],[],[],[]}}}
Reset1 = {[],
          [{{a,map_rr},
            {ok,{[],
                 [{{a,set_rw},
                   {ok,[{a,[&lt;&lt;115,172,32,208,170,88,99,101,153,173,160,16,255,
                              216,179,58,233,125,1,231&gt;&gt;],
                           [],[]}]}}]}}}]}
Map1b = {dict,0,16,16,8,80,48,
              {[],[],[],[],[],[],[],[],[],[],[],[],[],[],[],[]},
              {{[],[],[],[],[],[],[],[],[],[],[],[],[],[],[],[]}}}

    </system-out>
  </testcase>
  <testcase time="0.000" name="map_rr:0 prop2_test">
    <system-out>Map0 = {dict,0,16,16,8,80,48,
             {[],[],[],[],[],[],[],[],[],[],[],[],[],[],[],[]},
             {{[],[],[],[],[],[],[],[],[],[],[],[],[],[],[],[]}}}
Add1 = {[{{b,map_rr},{ok,{[],[{{a,set_rw},{ok,[]}}]}}}],[]}
Map1a = {dict,0,16,16,8,80,48,
              {[],[],[],[],[],[],[],[],[],[],[],[],[],[],[],[]},
              {{[],[],[],[],[],[],[],[],[],[],[],[],[],[],[],[]}}}
Remove2 = {[],[{{b,map_rr},{ok,{[],[]}}}]}
Map1b = {dict,0,16,16,8,80,48,
              {[],[],[],[],[],[],[],[],[],[],[],[],[],[],[],[]},
              {{[],[],[],[],[],[],[],[],[],[],[],[],[],[],[],[]}}}

    </system-out>
  </testcase>
  <testcase time="0.000" name="map_rr:0 remove_test">
    <system-out>M3 state = []

    </system-out>
  </testcase>
  <testcase time="0.000" name="register_mv:0 reset_test (module 'register_mv')">
    <system-out>
    </system-out>
  </testcase>
  <testcase time="0.000" name="set_aw:0 new_test">
    <system-out>
    </system-out>
  </testcase>
  <testcase time="0.000" name="set_aw:0 add_test">
    <system-out>
    </system-out>
  </testcase>
  <testcase time="0.000" name="set_aw:0 value_test">
    <system-out>
    </system-out>
  </testcase>
  <testcase time="0.000" name="set_aw:0 remove_test">
    <system-out>
    </system-out>
  </testcase>
  <testcase time="0.000" name="set_aw:0 remove2_test">
    <system-out>
    </system-out>
  </testcase>
  <testcase time="0.000" name="set_aw:0 concurrent_add_test">
    <system-out>
    </system-out>
  </testcase>
  <testcase time="0.000" name="set_aw:0 binary_test">
    <system-out>
    </system-out>
  </testcase>
  <testcase time="0.000" name="set_rw:0 reset1_test">
    <system-out>ResetEffect = []
Add1Effect = [{a,[],
                 [&lt;&lt;27,65,120,71,48,28,108,44,162,5,238,170,254,143,46,136,
                    168,166,250,84&gt;&gt;],
                 []}]
Add2Effect = [{a,[],
                 [&lt;&lt;50,84,119,227,162,167,183,137,166,80,169,217,147,255,179,
                    76,78,195,97,255&gt;&gt;],
                 []}]
Set1a = []
Set1b = [{a,{[&lt;&lt;27,65,120,71,48,28,108,44,162,5,238,170,254,143,46,136,168,
                166,250,84&gt;&gt;],
             []}}]
Set2a = [{a,{[&lt;&lt;50,84,119,227,162,167,183,137,166,80,169,217,147,255,179,76,
                78,195,97,255&gt;&gt;],
             []}}]
Set2b = [{a,{[&lt;&lt;50,84,119,227,162,167,183,137,166,80,169,217,147,255,179,76,
                78,195,97,255&gt;&gt;],
             []}}]
Set2c = [{a,{[&lt;&lt;50,84,119,227,162,167,183,137,166,80,169,217,147,255,179,76,78,
                195,97,255&gt;&gt;,
              &lt;&lt;27,65,120,71,48,28,108,44,162,5,238,170,254,143,46,136,168,
                166,250,84&gt;&gt;],
             []}}]

    </system-out>
  </testcase>
  <testcase time="0.000" name="set_rw:0 reset2_test">
    <system-out>
    </system-out>
  </testcase>
  <testcase time="0.000" name="set_rw:0 add_test">
    <system-out>Set0 = []
Set1 = [{a,{[&lt;&lt;124,17,56,241,141,178,235,175,210,60,96,18,100,145,101,234,42,
               18,184,194&gt;&gt;],
            []}}]
Set2 = [{a,{[&lt;&lt;124,17,56,241,141,178,235,175,210,60,96,18,100,145,101,234,42,
               18,184,194&gt;&gt;],
            []}},
        {b,{[&lt;&lt;97,143,52,99,149,45,188,10,31,108,22,242,14,112,57,52,88,72,92,
               225&gt;&gt;],
            []}}]
Add1Effect = [{a,[],
                 [&lt;&lt;124,17,56,241,141,178,235,175,210,60,96,18,100,145,101,
                    234,42,18,184,194&gt;&gt;],
                 []}]
Add2Effect = [{b,[],
                 [&lt;&lt;97,143,52,99,149,45,188,10,31,108,22,242,14,112,57,52,88,
                    72,92,225&gt;&gt;],
                 []}]

    </system-out>
  </testcase>
  <testcase time="0.000" name="set_rw:0 prop1_test">
    <system-out>ResetEffect = []
Add3Effect = [{b,[],
                 [&lt;&lt;36,172,36,141,1,102,64,170,146,86,115,165,158,115,10,140,
                    127,14,56,196&gt;&gt;],
                 []}]
Set1a = []
Set3a = [{b,{[&lt;&lt;36,172,36,141,1,102,64,170,146,86,115,165,158,115,10,140,127,
                14,56,196&gt;&gt;],
             []}}]
Set1b = [{b,{[&lt;&lt;36,172,36,141,1,102,64,170,146,86,115,165,158,115,10,140,127,
                14,56,196&gt;&gt;],
             []}}]

    </system-out>
  </testcase>
  <testcase time="0.000" name="set_rw:0 prop2_test">
    <system-out>Remove1Effect = [{b,[],[],
                    [&lt;&lt;92,90,92,28,31,208,51,212,154,67,204,40,62,243,188,
                       98,250,225,103,241&gt;&gt;]}]
Add3Effect = [{a,[],
                 [&lt;&lt;195,177,112,102,215,148,114,45,17,225,87,89,31,212,172,16,
                    207,127,235,188&gt;&gt;],
                 []}]
Set1a = [{b,{[],
             [&lt;&lt;92,90,92,28,31,208,51,212,154,67,204,40,62,243,188,98,250,
                225,103,241&gt;&gt;]}}]
Set3a = [{a,{[&lt;&lt;195,177,112,102,215,148,114,45,17,225,87,89,31,212,172,16,207,
                127,235,188&gt;&gt;],
             []}}]
Set1b = [{a,{[&lt;&lt;195,177,112,102,215,148,114,45,17,225,87,89,31,212,172,16,207,
                127,235,188&gt;&gt;],
             []}},
         {b,{[],
             [&lt;&lt;92,90,92,28,31,208,51,212,154,67,204,40,62,243,188,98,250,
                225,103,241&gt;&gt;]}}]

    </system-out>
  </testcase>
  <testcase time="0.001" name="set_rw:0 prop3_test">
    <system-out>Reset3Effect = []
Add2Effect = [{a,[],
                 [&lt;&lt;66,112,2,24,247,171,72,11,145,113,65,11,127,169,30,64,1,
                    62,25,73&gt;&gt;],
                 []}]
Set2a = [{a,{[&lt;&lt;66,112,2,24,247,171,72,11,145,113,65,11,127,169,30,64,1,62,25,
                73&gt;&gt;],
             []}}]
Set3a = []
Set3b = [{a,{[&lt;&lt;66,112,2,24,247,171,72,11,145,113,65,11,127,169,30,64,1,62,25,
                73&gt;&gt;],
             []}}]

    </system-out>
  </testcase>
  <testcase time="0.000" name="set_rw:0 prop4_test">
    <system-out>Reset3Effect = []
Add2Effect = [{a,[],
                 [&lt;&lt;128,6,89,32,105,40,153,125,88,87,237,96,14,75,237,103,210,
                    120,79,120&gt;&gt;],
                 []}]
Set2a = [{a,{[&lt;&lt;128,6,89,32,105,40,153,125,88,87,237,96,14,75,237,103,210,120,
                79,120&gt;&gt;],
             []}}]
Set3a = []
Set3b = [{a,{[&lt;&lt;128,6,89,32,105,40,153,125,88,87,237,96,14,75,237,103,210,120,
                79,120&gt;&gt;],
             []}}]

    </system-out>
  </testcase>
  <testcase time="0.000" name="set_rw:0 prop5_test">
    <system-out>Reset2Effect = [{a,[&lt;&lt;115,193,31,13,83,189,169,220,198,160,224,189,229,107,17,
                      130,40,230,210,80&gt;&gt;],
                   [],[]}]
Add2Effect = [{a,[],
                 [&lt;&lt;115,193,31,13,83,189,169,220,198,160,224,189,229,107,17,
                    130,40,230,210,80&gt;&gt;],
                 []}]
Set2a = [{a,{[&lt;&lt;115,193,31,13,83,189,169,220,198,160,224,189,229,107,17,130,
                40,230,210,80&gt;&gt;],
             []}}]
Set2b = []

    </system-out>
  </testcase>
</testsuite>
