<?xml version="1.0" encoding="UTF-8" ?>
<testsuite tests="44" failures="0" errors="0" skipped="0" time="0.281" name="file &quot;antidote_crdt.app&quot;">
  <testcase time="0.000" name="counter_b:0 new_test">
    <system-out>
    </system-out>
  </testcase>
  <testcase time="0.000" name="counter_b:0 increment_test">
    <system-out>
    </system-out>
  </testcase>
  <testcase time="0.000" name="counter_b:0 localPermisisons_test">
    <system-out>
    </system-out>
  </testcase>
  <testcase time="0.000" name="counter_b:0 decrement_test">
    <system-out>
    </system-out>
  </testcase>
  <testcase time="0.000" name="counter_b:0 decrement_increment_test">
    <system-out>
    </system-out>
  </testcase>
  <testcase time="0.000" name="counter_b:0 transfer_test">
    <system-out>
    </system-out>
  </testcase>
  <testcase time="0.000" name="counter_b:0 value_test">
    <system-out>
    </system-out>
  </testcase>
  <testcase time="0.000" name="counter_b:0 binary_test">
    <system-out>
    </system-out>
  </testcase>
  <testcase time="0.000" name="counter_b:0 is_operation_test">
    <system-out>
    </system-out>
  </testcase>
  <testcase time="0.000" name="counter_fat:0 new_test">
    <system-out>
    </system-out>
  </testcase>
  <testcase time="0.018" name="counter_fat:0 update_increment_test">
    <system-out>FatCnt0 = []
Increment1 = {&lt;&lt;79,163,225,87,137,153,10,149,244,244,101,188,94,186,136,66,196,
                23,201,161&gt;&gt;,
              5}
FatCnt1 = [{&lt;&lt;79,163,225,87,137,153,10,149,244,244,101,188,94,186,136,66,196,
              23,201,161&gt;&gt;,
            5}]
Decrement1 = {&lt;&lt;235,201,203,141,97,91,245,214,11,134,34,86,222,145,242,44,225,
                56,1,21&gt;&gt;,
              -2}
FatCnt2 = [{&lt;&lt;79,163,225,87,137,153,10,149,244,244,101,188,94,186,136,66,196,
              23,201,161&gt;&gt;,
            5},
           {&lt;&lt;235,201,203,141,97,91,245,214,11,134,34,86,222,145,242,44,225,56,
              1,21&gt;&gt;,
            -2}]

    </system-out>
  </testcase>
  <testcase time="0.000" name="counter_pn:0 new_test">
    <system-out>
    </system-out>
  </testcase>
  <testcase time="0.000" name="counter_pn:0 value_test">
    <system-out>
    </system-out>
  </testcase>
  <testcase time="0.000" name="counter_pn:0 update_increment_test">
    <system-out>
    </system-out>
  </testcase>
  <testcase time="0.000" name="counter_pn:0 update_increment_by_test">
    <system-out>
    </system-out>
  </testcase>
  <testcase time="0.000" name="counter_pn:0 update_decrement_test">
    <system-out>
    </system-out>
  </testcase>
  <testcase time="0.000" name="counter_pn:0 update_negative_params_test">
    <system-out>
    </system-out>
  </testcase>
  <testcase time="0.000" name="counter_pn:0 equal_test">
    <system-out>
    </system-out>
  </testcase>
  <testcase time="0.000" name="counter_pn:0 binary_test">
    <system-out>
    </system-out>
  </testcase>
  <testcase time="0.000" name="flag_ew:0 prop1_test (module 'flag_ew')">
    <system-out>Reset1Effect = {[&lt;&lt;69,2,50,41,144,119,5,212,38,255,168,248,50,161,9,27,6,151,
                   170,12&gt;&gt;],
                []}
Enable1Effect = {[],
                 [&lt;&lt;69,2,50,41,144,119,5,212,38,255,168,248,50,161,9,27,6,
                    151,170,12&gt;&gt;]}
Flag1a = [&lt;&lt;69,2,50,41,144,119,5,212,38,255,168,248,50,161,9,27,6,151,170,12&gt;&gt;]
Flag1b = []

    </system-out>
  </testcase>
  <testcase time="0.000" name="map_go:0 new_test">
    <system-out>
    </system-out>
  </testcase>
  <testcase time="0.000" name="map_go:0 update_test">
    <system-out>
    </system-out>
  </testcase>
  <testcase time="0.000" name="map_go:0 update2_test">
    <system-out>
    </system-out>
  </testcase>
  <testcase time="0.005" name="map_rr:0 reset1_test">
    <system-out>Map0 = {dict,0,16,16,8,80,48,
             {[],[],[],[],[],[],[],[],[],[],[],[],[],[],[],[]},
             {{[],[],[],[],[],[],[],[],[],[],[],[],[],[],[],[]}}}
Incr1 = {[{{a,counter_fat},
           {ok,{&lt;&lt;74,85,229,123,119,44,81,145,47,2,158,146,243,17,123,86,57,
                  221,184,14&gt;&gt;,
                1}}}],
         []}
Map1a = {dict,1,16,16,8,80,48,
              {[],[],[],[],[],[],[],[],[],[],[],[],[],[],[],[]},
              {{[],[],[],[],[],[],[],[],[],[],[],[],[],[],[],
                [[{a,counter_fat},
                  {&lt;&lt;74,85,229,123,119,44,81,145,47,2,158,146,243,17,123,86,57,
                     221,184,14&gt;&gt;,
                   1}]]}}}
Reset1 = {[],
          [{{a,counter_fat},
            {ok,[&lt;&lt;74,85,229,123,119,44,81,145,47,2,158,146,243,17,123,86,
                   57,221,184,14&gt;&gt;]}}]}
Map1b = {dict,0,16,16,8,80,48,
              {[],[],[],[],[],[],[],[],[],[],[],[],[],[],[],[]},
              {{[],[],[],[],[],[],[],[],[],[],[],[],[],[],[],[]}}}
Remove1 = {[],[{{a,counter_fat},{ok,[]}}]}
Map2a = {dict,0,16,16,8,80,48,
              {[],[],[],[],[],[],[],[],[],[],[],[],[],[],[],[]},
              {{[],[],[],[],[],[],[],[],[],[],[],[],[],[],[],[]}}}
Map1c = {dict,0,16,16,8,80,48,
              {[],[],[],[],[],[],[],[],[],[],[],[],[],[],[],[]},
              {{[],[],[],[],[],[],[],[],[],[],[],[],[],[],[],[]}}}
Reset2 = {[],[]}
Map1d = {dict,0,16,16,8,80,48,
              {[],[],[],[],[],[],[],[],[],[],[],[],[],[],[],[]},
              {{[],[],[],[],[],[],[],[],[],[],[],[],[],[],[],[]}}}
Incr2 = {[{{a,counter_fat},
           {ok,{&lt;&lt;101,22,237,250,225,241,253,26,122,69,55,5,87,251,196,216,44,
                  158,2,50&gt;&gt;,
                2}}}],
         []}
Map1e = {dict,1,16,16,8,80,48,
              {[],[],[],[],[],[],[],[],[],[],[],[],[],[],[],[]},
              {{[],[],[],[],[],[],[],[],[],[],[],[],[],[],[],
                [[{a,counter_fat},
                  {&lt;&lt;101,22,237,250,225,241,253,26,122,69,55,5,87,251,196,216,
                     44,158,2,50&gt;&gt;,
                   2}]]}}}

    </system-out>
  </testcase>
  <testcase time="0.000" name="map_rr:0 reset2_test">
    <system-out>Map0 = []
Add1 = {[{{s,set_rw},
          {ok,[{a,[],
                  [&lt;&lt;15,2,183,52,1,129,25,209,44,236,235,161,123,133,255,149,
                     179,71,216,207&gt;&gt;],
                  []}]}}],
        []}
Map1a = [{{s,set_rw},[a]}]
Reset1 = {[],
          [{{s,set_rw},
            {ok,[{a,[&lt;&lt;15,2,183,52,1,129,25,209,44,236,235,161,123,133,255,
                       149,179,71,216,207&gt;&gt;],
                    [],[]}]}}]}
Map1b = []
Remove1 = {[],[{{s,set_rw},{ok,[]}}]}
Map2a = []
Map1c = []
Reset2 = {[],[]}
Map1d = []
Add2 = {[{{s,set_rw},
          {ok,[{b,[],
                  [&lt;&lt;104,83,210,194,247,72,102,176,114,164,216,66,193,185,212,
                     222,171,8,159,50&gt;&gt;],
                  []}]}}],
        []}
Map1e = [{{s,set_rw},[b]}]

    </system-out>
  </testcase>
  <testcase time="0.000" name="map_rr:0 prop1_test">
    <system-out>Map0 = {dict,0,16,16,8,80,48,
             {[],[],[],[],[],[],[],[],[],[],[],[],[],[],[],[]},
             {{[],[],[],[],[],[],[],[],[],[],[],[],[],[],[],[]}}}
Add1 = {[{{a,map_rr},
          {ok,{[{{a,set_rw},
                 {ok,[{a,[],
                         [&lt;&lt;109,155,120,190,214,108,38,209,143,129,220,25,171,
                            148,92,229,137,170,212,213&gt;&gt;],
                         []}]}}],
               []}}}],
        []}
Map1a = {dict,1,16,16,8,80,48,
         {[],[],[],[],[],[],[],[],[],[],[],[],[],[],[],[]},
         {{[],[],[],[],[],[],[],[],[],
           [[{a,map_rr}|
             {dict,1,16,16,8,80,48,
              {[],[],[],[],[],[],[],[],[],[],[],[],[],[],[],[]},
              {{[[{a,set_rw},
                  {a,
                   {[&lt;&lt;109,155,120,190,214,108,38,209,143,129,220,25,171,148,
                       92,229,137,170,212,213&gt;&gt;],
                    []}}]],
                [],[],[],[],[],[],[],[],[],[],[],[],[],[],[]}}}]],
           [],[],[],[],[],[]}}}
Reset1 = {[],
          [{{a,map_rr},
            {ok,{[],
                 [{{a,set_rw},
                   {ok,[{a,[&lt;&lt;109,155,120,190,214,108,38,209,143,129,220,25,
                              171,148,92,229,137,170,212,213&gt;&gt;],
                           [],[]}]}}]}}}]}
Map1b = {dict,0,16,16,8,80,48,
              {[],[],[],[],[],[],[],[],[],[],[],[],[],[],[],[]},
              {{[],[],[],[],[],[],[],[],[],[],[],[],[],[],[],[]}}}

    </system-out>
  </testcase>
  <testcase time="0.000" name="map_rr:0 prop2_test">
    <system-out>Map0 = {dict,0,16,16,8,80,48,
             {[],[],[],[],[],[],[],[],[],[],[],[],[],[],[],[]},
             {{[],[],[],[],[],[],[],[],[],[],[],[],[],[],[],[]}}}
Add1 = {[{{b,map_rr},{ok,{[],[{{a,set_rw},{ok,[]}}]}}}],[]}
Map1a = {dict,0,16,16,8,80,48,
              {[],[],[],[],[],[],[],[],[],[],[],[],[],[],[],[]},
              {{[],[],[],[],[],[],[],[],[],[],[],[],[],[],[],[]}}}
Remove2 = {[],[{{b,map_rr},{ok,{[],[]}}}]}
Map1b = {dict,0,16,16,8,80,48,
              {[],[],[],[],[],[],[],[],[],[],[],[],[],[],[],[]},
              {{[],[],[],[],[],[],[],[],[],[],[],[],[],[],[],[]}}}

    </system-out>
  </testcase>
  <testcase time="0.000" name="map_rr:0 remove_test">
    <system-out>M3 state = []

    </system-out>
  </testcase>
  <testcase time="0.000" name="register_mv:0 reset_test (module 'register_mv')">
    <system-out>
    </system-out>
  </testcase>
  <testcase time="0.000" name="set_aw:0 new_test">
    <system-out>
    </system-out>
  </testcase>
  <testcase time="0.000" name="set_aw:0 add_test">
    <system-out>
    </system-out>
  </testcase>
  <testcase time="0.000" name="set_aw:0 value_test">
    <system-out>
    </system-out>
  </testcase>
  <testcase time="0.000" name="set_aw:0 remove_test">
    <system-out>
    </system-out>
  </testcase>
  <testcase time="0.000" name="set_aw:0 remove2_test">
    <system-out>
    </system-out>
  </testcase>
  <testcase time="0.000" name="set_aw:0 concurrent_add_test">
    <system-out>
    </system-out>
  </testcase>
  <testcase time="0.000" name="set_aw:0 binary_test">
    <system-out>
    </system-out>
  </testcase>
  <testcase time="0.000" name="set_rw:0 reset1_test">
    <system-out>ResetEffect = []
Add1Effect = [{a,[],
                 [&lt;&lt;191,64,153,229,112,202,201,227,225,101,108,112,166,29,177,
                    54,166,242,161,130&gt;&gt;],
                 []}]
Add2Effect = [{a,[],
                 [&lt;&lt;120,235,201,223,6,166,55,118,167,226,32,79,130,184,152,49,
                    153,125,190,38&gt;&gt;],
                 []}]
Set1a = []
Set1b = [{a,{[&lt;&lt;191,64,153,229,112,202,201,227,225,101,108,112,166,29,177,54,
                166,242,161,130&gt;&gt;],
             []}}]
Set2a = [{a,{[&lt;&lt;120,235,201,223,6,166,55,118,167,226,32,79,130,184,152,49,153,
                125,190,38&gt;&gt;],
             []}}]
Set2b = [{a,{[&lt;&lt;120,235,201,223,6,166,55,118,167,226,32,79,130,184,152,49,153,
                125,190,38&gt;&gt;],
             []}}]
Set2c = [{a,{[&lt;&lt;120,235,201,223,6,166,55,118,167,226,32,79,130,184,152,49,153,
                125,190,38&gt;&gt;,
              &lt;&lt;191,64,153,229,112,202,201,227,225,101,108,112,166,29,177,54,
                166,242,161,130&gt;&gt;],
             []}}]

    </system-out>
  </testcase>
  <testcase time="0.000" name="set_rw:0 reset2_test">
    <system-out>
    </system-out>
  </testcase>
  <testcase time="0.000" name="set_rw:0 add_test">
    <system-out>Set0 = []
Set1 = [{a,{[&lt;&lt;198,27,62,81,207,95,219,90,16,126,234,14,41,223,108,156,130,
               212,163,169&gt;&gt;],
            []}}]
Set2 = [{a,{[&lt;&lt;198,27,62,81,207,95,219,90,16,126,234,14,41,223,108,156,130,
               212,163,169&gt;&gt;],
            []}},
        {b,{[&lt;&lt;230,21,85,205,190,115,28,114,16,35,115,253,143,104,186,58,111,
               197,128,245&gt;&gt;],
            []}}]
Add1Effect = [{a,[],
                 [&lt;&lt;198,27,62,81,207,95,219,90,16,126,234,14,41,223,108,156,
                    130,212,163,169&gt;&gt;],
                 []}]
Add2Effect = [{b,[],
                 [&lt;&lt;230,21,85,205,190,115,28,114,16,35,115,253,143,104,186,58,
                    111,197,128,245&gt;&gt;],
                 []}]

    </system-out>
  </testcase>
  <testcase time="0.000" name="set_rw:0 prop1_test">
    <system-out>ResetEffect = []
Add3Effect = [{b,[],
                 [&lt;&lt;16,255,41,104,203,117,206,26,91,147,191,149,153,124,83,38,
                    186,23,20,108&gt;&gt;],
                 []}]
Set1a = []
Set3a = [{b,{[&lt;&lt;16,255,41,104,203,117,206,26,91,147,191,149,153,124,83,38,186,
                23,20,108&gt;&gt;],
             []}}]
Set1b = [{b,{[&lt;&lt;16,255,41,104,203,117,206,26,91,147,191,149,153,124,83,38,186,
                23,20,108&gt;&gt;],
             []}}]

    </system-out>
  </testcase>
  <testcase time="0.000" name="set_rw:0 prop2_test">
    <system-out>Remove1Effect = [{b,[],[],
                    [&lt;&lt;118,7,168,5,190,218,129,243,36,149,33,76,127,116,157,
                       243,230,6,70,79&gt;&gt;]}]
Add3Effect = [{a,[],
                 [&lt;&lt;206,165,193,96,223,95,187,111,238,153,137,27,219,76,155,
                    153,47,251,101,159&gt;&gt;],
                 []}]
Set1a = [{b,{[],
             [&lt;&lt;118,7,168,5,190,218,129,243,36,149,33,76,127,116,157,243,
                230,6,70,79&gt;&gt;]}}]
Set3a = [{a,{[&lt;&lt;206,165,193,96,223,95,187,111,238,153,137,27,219,76,155,153,
                47,251,101,159&gt;&gt;],
             []}}]
Set1b = [{a,{[&lt;&lt;206,165,193,96,223,95,187,111,238,153,137,27,219,76,155,153,
                47,251,101,159&gt;&gt;],
             []}},
         {b,{[],
             [&lt;&lt;118,7,168,5,190,218,129,243,36,149,33,76,127,116,157,243,
                230,6,70,79&gt;&gt;]}}]

    </system-out>
  </testcase>
  <testcase time="0.000" name="set_rw:0 prop3_test">
    <system-out>Reset3Effect = []
Add2Effect = [{a,[],
                 [&lt;&lt;141,180,119,153,0,28,215,133,20,176,36,77,78,141,11,7,202,
                    149,139,184&gt;&gt;],
                 []}]
Set2a = [{a,{[&lt;&lt;141,180,119,153,0,28,215,133,20,176,36,77,78,141,11,7,202,149,
                139,184&gt;&gt;],
             []}}]
Set3a = []
Set3b = [{a,{[&lt;&lt;141,180,119,153,0,28,215,133,20,176,36,77,78,141,11,7,202,149,
                139,184&gt;&gt;],
             []}}]

    </system-out>
  </testcase>
  <testcase time="0.000" name="set_rw:0 prop4_test">
    <system-out>Reset3Effect = []
Add2Effect = [{a,[],
                 [&lt;&lt;174,157,127,154,150,87,175,116,131,78,198,164,87,18,86,
                    186,88,110,226,112&gt;&gt;],
                 []}]
Set2a = [{a,{[&lt;&lt;174,157,127,154,150,87,175,116,131,78,198,164,87,18,86,186,88,
                110,226,112&gt;&gt;],
             []}}]
Set3a = []
Set3b = [{a,{[&lt;&lt;174,157,127,154,150,87,175,116,131,78,198,164,87,18,86,186,88,
                110,226,112&gt;&gt;],
             []}}]

    </system-out>
  </testcase>
  <testcase time="0.002" name="set_rw:0 prop5_test">
    <system-out>Reset2Effect = [{a,[&lt;&lt;208,100,243,7,159,179,18,124,253,35,49,77,225,110,192,
                      193,129,14,142,184&gt;&gt;],
                   [],[]}]
Add2Effect = [{a,[],
                 [&lt;&lt;208,100,243,7,159,179,18,124,253,35,49,77,225,110,192,193,
                    129,14,142,184&gt;&gt;],
                 []}]
Set2a = [{a,{[&lt;&lt;208,100,243,7,159,179,18,124,253,35,49,77,225,110,192,193,129,
                14,142,184&gt;&gt;],
             []}}]
Set2b = []

    </system-out>
  </testcase>
</testsuite>
